<?xml version="1.0" encoding="UTF-8"?>
<!-- Generated by org.testng.reporters.JUnitXMLReporter -->
<testsuite hostname="BLRLAP653" ignored="7" tests="1" failures="0" timestamp="12 Feb 2019 07:23:47 GMT" time="5.419" errors="0">
  <testcase name="testStatusCode" time="5.363" classname="BesicTests"/>
  <testcase name="test4thElementJsonArray" time="0.0" classname="BesicTests">
    <ignored/>
  </testcase> <!-- test4thElementJsonArray -->
  <testcase name="testlandlords" time="0.0" classname="BesicTests">
    <ignored/>
  </testcase> <!-- testlandlords -->
  <testcase name="testdetachRoot" time="0.0" classname="BesicTests">
    <ignored/>
  </testcase> <!-- testdetachRoot -->
  <testcase name="test4thElementJsonArray1" time="0.0" classname="BesicTests">
    <ignored/>
  </testcase> <!-- test4thElementJsonArray1 -->
  <testcase name="test4thElementJsonArray2" time="0.0" classname="BesicTests">
    <ignored/>
  </testcase> <!-- test4thElementJsonArray2 -->
  <testcase name="testlandlords1" time="0.0" classname="BesicTests">
    <ignored/>
  </testcase> <!-- testlandlords1 -->
  <testcase name="testmultipleContents" time="0.0" classname="BesicTests">
    <ignored/>
  </testcase> <!-- testmultipleContents -->
</testsuite>
