<?xml version="1.0" encoding="UTF-8"?>
<testng-results skipped="0" failed="0" ignored="7" total="8" passed="1">
  <reporter-output>
  </reporter-output>
  <suite name="Default suite" duration-ms="5419" started-at="2019-02-12T07:23:41Z" finished-at="2019-02-12T07:23:47Z">
    <groups>
    </groups>
    <test name="Default test" duration-ms="5419" started-at="2019-02-12T07:23:41Z" finished-at="2019-02-12T07:23:47Z">
      <class name="BesicTests">
        <test-method status="PASS" signature="testStatusCode()[pri:0, instance:BesicTests@1e88b3c]" name="testStatusCode" duration-ms="5363" started-at="2019-02-12T12:53:41Z" finished-at="2019-02-12T12:53:47Z">
          <reporter-output>
          </reporter-output>
        </test-method> <!-- testStatusCode -->
      </class> <!-- BesicTests -->
    </test> <!-- Default test -->
  </suite> <!-- Default suite -->
</testng-results>
